2018-02-17 20:09:15.373316: I tensorflow/core/platform/cpu_feature_guard.cc:137] Your CPU supports instructions that this TensorFlow binary was not compiled to use: SSE4.1 SSE4.2 AVX AVX2 FMA
2018-02-17 20:09:15.763282: I tensorflow/core/common_runtime/gpu/gpu_device.cc:1030] Found device 0 with properties: 
name: Tesla M40 24GB major: 5 minor: 2 memoryClockRate(GHz): 1.112
pciBusID: 0000:81:00.0
totalMemory: 22.43GiB freeMemory: 22.32GiB
2018-02-17 20:09:15.763334: I tensorflow/core/common_runtime/gpu/gpu_device.cc:1120] Creating TensorFlow device (/device:GPU:0) -> (device: 0, name: Tesla M40 24GB, pci bus id: 0000:81:00.0, compute capability: 5.2)
2018-02-17 20:13:32.007279: I tensorflow/core/common_runtime/gpu/gpu_device.cc:1120] Creating TensorFlow device (/device:GPU:0) -> (device: 0, name: Tesla M40 24GB, pci bus id: 0000:81:00.0, compute capability: 5.2)
2018-02-17 20:17:44.772179: I tensorflow/core/common_runtime/gpu/gpu_device.cc:1120] Creating TensorFlow device (/device:GPU:0) -> (device: 0, name: Tesla M40 24GB, pci bus id: 0000:81:00.0, compute capability: 5.2)
2018-02-17 20:30:06.466507: I tensorflow/core/common_runtime/gpu/gpu_device.cc:1120] Creating TensorFlow device (/device:GPU:0) -> (device: 0, name: Tesla M40 24GB, pci bus id: 0000:81:00.0, compute capability: 5.2)
/home/rgangaraju/miniconda3/envs/tf/lib/python3.5/site-packages/numpy/core/fromnumeric.py:2909: RuntimeWarning: Mean of empty slice.
  out=out, **kwargs)
/home/rgangaraju/miniconda3/envs/tf/lib/python3.5/site-packages/numpy/core/_methods.py:80: RuntimeWarning: invalid value encountered in double_scalars
  ret = ret.dtype.type(ret / rcount)
2018-02-17 20:30:12.723194: I tensorflow/core/common_runtime/gpu/gpu_device.cc:1120] Creating TensorFlow device (/device:GPU:0) -> (device: 0, name: Tesla M40 24GB, pci bus id: 0000:81:00.0, compute capability: 5.2)
2018-02-17 21:23:23.165173: I tensorflow/core/common_runtime/gpu/gpu_device.cc:1120] Creating TensorFlow device (/device:GPU:0) -> (device: 0, name: Tesla M40 24GB, pci bus id: 0000:81:00.0, compute capability: 5.2)
2018-02-17 21:39:52.644752: I tensorflow/core/common_runtime/gpu/gpu_device.cc:1120] Creating TensorFlow device (/device:GPU:0) -> (device: 0, name: Tesla M40 24GB, pci bus id: 0000:81:00.0, compute capability: 5.2)
2018-02-17 22:41:16.449315: I tensorflow/core/common_runtime/gpu/gpu_device.cc:1120] Creating TensorFlow device (/device:GPU:0) -> (device: 0, name: Tesla M40 24GB, pci bus id: 0000:81:00.0, compute capability: 5.2)
2018-02-17 23:01:52.934947: I tensorflow/core/common_runtime/gpu/gpu_device.cc:1120] Creating TensorFlow device (/device:GPU:0) -> (device: 0, name: Tesla M40 24GB, pci bus id: 0000:81:00.0, compute capability: 5.2)
2018-02-18 00:19:36.713416: I tensorflow/core/common_runtime/gpu/gpu_device.cc:1120] Creating TensorFlow device (/device:GPU:0) -> (device: 0, name: Tesla M40 24GB, pci bus id: 0000:81:00.0, compute capability: 5.2)
2018-02-18 00:31:57.389116: I tensorflow/core/common_runtime/gpu/gpu_device.cc:1120] Creating TensorFlow device (/device:GPU:0) -> (device: 0, name: Tesla M40 24GB, pci bus id: 0000:81:00.0, compute capability: 5.2)
2018-02-18 00:32:01.125198: I tensorflow/core/common_runtime/gpu/gpu_device.cc:1120] Creating TensorFlow device (/device:GPU:0) -> (device: 0, name: Tesla M40 24GB, pci bus id: 0000:81:00.0, compute capability: 5.2)
2018-02-18 00:32:04.740508: I tensorflow/core/common_runtime/gpu/gpu_device.cc:1120] Creating TensorFlow device (/device:GPU:0) -> (device: 0, name: Tesla M40 24GB, pci bus id: 0000:81:00.0, compute capability: 5.2)
2018-02-18 00:36:17.395272: I tensorflow/core/common_runtime/gpu/gpu_device.cc:1120] Creating TensorFlow device (/device:GPU:0) -> (device: 0, name: Tesla M40 24GB, pci bus id: 0000:81:00.0, compute capability: 5.2)
2018-02-18 00:36:21.029725: I tensorflow/core/common_runtime/gpu/gpu_device.cc:1120] Creating TensorFlow device (/device:GPU:0) -> (device: 0, name: Tesla M40 24GB, pci bus id: 0000:81:00.0, compute capability: 5.2)
2018-02-18 00:40:30.200981: I tensorflow/core/common_runtime/gpu/gpu_device.cc:1120] Creating TensorFlow device (/device:GPU:0) -> (device: 0, name: Tesla M40 24GB, pci bus id: 0000:81:00.0, compute capability: 5.2)
2018-02-18 00:40:34.141588: I tensorflow/core/common_runtime/gpu/gpu_device.cc:1120] Creating TensorFlow device (/device:GPU:0) -> (device: 0, name: Tesla M40 24GB, pci bus id: 0000:81:00.0, compute capability: 5.2)
2018-02-18 00:40:38.836693: I tensorflow/core/common_runtime/gpu/gpu_device.cc:1120] Creating TensorFlow device (/device:GPU:0) -> (device: 0, name: Tesla M40 24GB, pci bus id: 0000:81:00.0, compute capability: 5.2)
2018-02-18 00:40:43.210484: I tensorflow/core/common_runtime/gpu/gpu_device.cc:1120] Creating TensorFlow device (/device:GPU:0) -> (device: 0, name: Tesla M40 24GB, pci bus id: 0000:81:00.0, compute capability: 5.2)
2018-02-18 00:40:46.443736: I tensorflow/core/common_runtime/gpu/gpu_device.cc:1120] Creating TensorFlow device (/device:GPU:0) -> (device: 0, name: Tesla M40 24GB, pci bus id: 0000:81:00.0, compute capability: 5.2)
2018-02-18 00:40:50.180955: I tensorflow/core/common_runtime/gpu/gpu_device.cc:1120] Creating TensorFlow device (/device:GPU:0) -> (device: 0, name: Tesla M40 24GB, pci bus id: 0000:81:00.0, compute capability: 5.2)
2018-02-18 00:40:53.863349: I tensorflow/core/common_runtime/gpu/gpu_device.cc:1120] Creating TensorFlow device (/device:GPU:0) -> (device: 0, name: Tesla M40 24GB, pci bus id: 0000:81:00.0, compute capability: 5.2)
2018-02-18 00:40:57.462639: I tensorflow/core/common_runtime/gpu/gpu_device.cc:1120] Creating TensorFlow device (/device:GPU:0) -> (device: 0, name: Tesla M40 24GB, pci bus id: 0000:81:00.0, compute capability: 5.2)
2018-02-18 00:41:00.944436: I tensorflow/core/common_runtime/gpu/gpu_device.cc:1120] Creating TensorFlow device (/device:GPU:0) -> (device: 0, name: Tesla M40 24GB, pci bus id: 0000:81:00.0, compute capability: 5.2)
2018-02-18 00:41:04.931471: I tensorflow/core/common_runtime/gpu/gpu_device.cc:1120] Creating TensorFlow device (/device:GPU:0) -> (device: 0, name: Tesla M40 24GB, pci bus id: 0000:81:00.0, compute capability: 5.2)
2018-02-18 00:41:08.935759: I tensorflow/core/common_runtime/gpu/gpu_device.cc:1120] Creating TensorFlow device (/device:GPU:0) -> (device: 0, name: Tesla M40 24GB, pci bus id: 0000:81:00.0, compute capability: 5.2)
2018-02-18 00:45:18.908784: I tensorflow/core/common_runtime/gpu/gpu_device.cc:1120] Creating TensorFlow device (/device:GPU:0) -> (device: 0, name: Tesla M40 24GB, pci bus id: 0000:81:00.0, compute capability: 5.2)
2018-02-18 01:14:03.575285: I tensorflow/core/common_runtime/gpu/gpu_device.cc:1120] Creating TensorFlow device (/device:GPU:0) -> (device: 0, name: Tesla M40 24GB, pci bus id: 0000:81:00.0, compute capability: 5.2)
2018-02-18 01:14:07.658222: I tensorflow/core/common_runtime/gpu/gpu_device.cc:1120] Creating TensorFlow device (/device:GPU:0) -> (device: 0, name: Tesla M40 24GB, pci bus id: 0000:81:00.0, compute capability: 5.2)
2018-02-18 01:14:12.582132: I tensorflow/core/common_runtime/gpu/gpu_device.cc:1120] Creating TensorFlow device (/device:GPU:0) -> (device: 0, name: Tesla M40 24GB, pci bus id: 0000:81:00.0, compute capability: 5.2)
2018-02-18 01:22:28.547466: I tensorflow/core/common_runtime/gpu/gpu_device.cc:1120] Creating TensorFlow device (/device:GPU:0) -> (device: 0, name: Tesla M40 24GB, pci bus id: 0000:81:00.0, compute capability: 5.2)
2018-02-18 01:22:33.517398: I tensorflow/core/common_runtime/gpu/gpu_device.cc:1120] Creating TensorFlow device (/device:GPU:0) -> (device: 0, name: Tesla M40 24GB, pci bus id: 0000:81:00.0, compute capability: 5.2)
2018-02-18 02:15:46.283213: I tensorflow/core/common_runtime/gpu/gpu_device.cc:1120] Creating TensorFlow device (/device:GPU:0) -> (device: 0, name: Tesla M40 24GB, pci bus id: 0000:81:00.0, compute capability: 5.2)
2018-02-18 02:19:59.303960: I tensorflow/core/common_runtime/gpu/gpu_device.cc:1120] Creating TensorFlow device (/device:GPU:0) -> (device: 0, name: Tesla M40 24GB, pci bus id: 0000:81:00.0, compute capability: 5.2)
2018-02-18 02:20:05.782609: I tensorflow/core/common_runtime/gpu/gpu_device.cc:1120] Creating TensorFlow device (/device:GPU:0) -> (device: 0, name: Tesla M40 24GB, pci bus id: 0000:81:00.0, compute capability: 5.2)
2018-02-18 02:28:25.482331: I tensorflow/core/common_runtime/gpu/gpu_device.cc:1120] Creating TensorFlow device (/device:GPU:0) -> (device: 0, name: Tesla M40 24GB, pci bus id: 0000:81:00.0, compute capability: 5.2)
2018-02-18 03:13:30.900269: I tensorflow/core/common_runtime/gpu/gpu_device.cc:1120] Creating TensorFlow device (/device:GPU:0) -> (device: 0, name: Tesla M40 24GB, pci bus id: 0000:81:00.0, compute capability: 5.2)
2018-02-18 04:02:42.003107: I tensorflow/core/common_runtime/gpu/gpu_device.cc:1120] Creating TensorFlow device (/device:GPU:0) -> (device: 0, name: Tesla M40 24GB, pci bus id: 0000:81:00.0, compute capability: 5.2)
2018-02-18 04:10:58.510434: I tensorflow/core/common_runtime/gpu/gpu_device.cc:1120] Creating TensorFlow device (/device:GPU:0) -> (device: 0, name: Tesla M40 24GB, pci bus id: 0000:81:00.0, compute capability: 5.2)
2018-02-18 04:15:10.499291: I tensorflow/core/common_runtime/gpu/gpu_device.cc:1120] Creating TensorFlow device (/device:GPU:0) -> (device: 0, name: Tesla M40 24GB, pci bus id: 0000:81:00.0, compute capability: 5.2)
2018-02-18 04:15:14.716484: I tensorflow/core/common_runtime/gpu/gpu_device.cc:1120] Creating TensorFlow device (/device:GPU:0) -> (device: 0, name: Tesla M40 24GB, pci bus id: 0000:81:00.0, compute capability: 5.2)
2018-02-18 04:31:42.110974: I tensorflow/core/common_runtime/gpu/gpu_device.cc:1120] Creating TensorFlow device (/device:GPU:0) -> (device: 0, name: Tesla M40 24GB, pci bus id: 0000:81:00.0, compute capability: 5.2)
2018-02-18 05:00:29.124958: I tensorflow/core/common_runtime/gpu/gpu_device.cc:1120] Creating TensorFlow device (/device:GPU:0) -> (device: 0, name: Tesla M40 24GB, pci bus id: 0000:81:00.0, compute capability: 5.2)
2018-02-18 05:08:49.743705: I tensorflow/core/common_runtime/gpu/gpu_device.cc:1120] Creating TensorFlow device (/device:GPU:0) -> (device: 0, name: Tesla M40 24GB, pci bus id: 0000:81:00.0, compute capability: 5.2)
2018-02-18 05:21:18.563609: I tensorflow/core/common_runtime/gpu/gpu_device.cc:1120] Creating TensorFlow device (/device:GPU:0) -> (device: 0, name: Tesla M40 24GB, pci bus id: 0000:81:00.0, compute capability: 5.2)
2018-02-18 05:21:22.022378: I tensorflow/core/common_runtime/gpu/gpu_device.cc:1120] Creating TensorFlow device (/device:GPU:0) -> (device: 0, name: Tesla M40 24GB, pci bus id: 0000:81:00.0, compute capability: 5.2)
2018-02-18 05:21:25.486243: I tensorflow/core/common_runtime/gpu/gpu_device.cc:1120] Creating TensorFlow device (/device:GPU:0) -> (device: 0, name: Tesla M40 24GB, pci bus id: 0000:81:00.0, compute capability: 5.2)
2018-02-18 05:21:28.914404: I tensorflow/core/common_runtime/gpu/gpu_device.cc:1120] Creating TensorFlow device (/device:GPU:0) -> (device: 0, name: Tesla M40 24GB, pci bus id: 0000:81:00.0, compute capability: 5.2)
2018-02-18 05:21:33.143772: I tensorflow/core/common_runtime/gpu/gpu_device.cc:1120] Creating TensorFlow device (/device:GPU:0) -> (device: 0, name: Tesla M40 24GB, pci bus id: 0000:81:00.0, compute capability: 5.2)
2018-02-18 05:21:38.212389: I tensorflow/core/common_runtime/gpu/gpu_device.cc:1120] Creating TensorFlow device (/device:GPU:0) -> (device: 0, name: Tesla M40 24GB, pci bus id: 0000:81:00.0, compute capability: 5.2)
2018-02-18 05:58:56.510843: I tensorflow/core/common_runtime/gpu/gpu_device.cc:1120] Creating TensorFlow device (/device:GPU:0) -> (device: 0, name: Tesla M40 24GB, pci bus id: 0000:81:00.0, compute capability: 5.2)
2018-02-18 06:03:12.960694: I tensorflow/core/common_runtime/gpu/gpu_device.cc:1120] Creating TensorFlow device (/device:GPU:0) -> (device: 0, name: Tesla M40 24GB, pci bus id: 0000:81:00.0, compute capability: 5.2)
2018-02-18 06:03:17.564967: I tensorflow/core/common_runtime/gpu/gpu_device.cc:1120] Creating TensorFlow device (/device:GPU:0) -> (device: 0, name: Tesla M40 24GB, pci bus id: 0000:81:00.0, compute capability: 5.2)
2018-02-18 06:15:53.602658: I tensorflow/core/common_runtime/gpu/gpu_device.cc:1120] Creating TensorFlow device (/device:GPU:0) -> (device: 0, name: Tesla M40 24GB, pci bus id: 0000:81:00.0, compute capability: 5.2)
2018-02-18 06:44:55.405589: I tensorflow/core/common_runtime/gpu/gpu_device.cc:1120] Creating TensorFlow device (/device:GPU:0) -> (device: 0, name: Tesla M40 24GB, pci bus id: 0000:81:00.0, compute capability: 5.2)
2018-02-18 06:45:01.678163: I tensorflow/core/common_runtime/gpu/gpu_device.cc:1120] Creating TensorFlow device (/device:GPU:0) -> (device: 0, name: Tesla M40 24GB, pci bus id: 0000:81:00.0, compute capability: 5.2)
2018-02-18 06:45:06.408132: I tensorflow/core/common_runtime/gpu/gpu_device.cc:1120] Creating TensorFlow device (/device:GPU:0) -> (device: 0, name: Tesla M40 24GB, pci bus id: 0000:81:00.0, compute capability: 5.2)
2018-02-18 06:49:18.446906: I tensorflow/core/common_runtime/gpu/gpu_device.cc:1120] Creating TensorFlow device (/device:GPU:0) -> (device: 0, name: Tesla M40 24GB, pci bus id: 0000:81:00.0, compute capability: 5.2)
2018-02-18 06:57:47.476193: I tensorflow/core/common_runtime/gpu/gpu_device.cc:1120] Creating TensorFlow device (/device:GPU:0) -> (device: 0, name: Tesla M40 24GB, pci bus id: 0000:81:00.0, compute capability: 5.2)
2018-02-18 08:52:20.102640: I tensorflow/core/common_runtime/gpu/gpu_device.cc:1120] Creating TensorFlow device (/device:GPU:0) -> (device: 0, name: Tesla M40 24GB, pci bus id: 0000:81:00.0, compute capability: 5.2)
2018-02-18 08:56:35.215183: I tensorflow/core/common_runtime/gpu/gpu_device.cc:1120] Creating TensorFlow device (/device:GPU:0) -> (device: 0, name: Tesla M40 24GB, pci bus id: 0000:81:00.0, compute capability: 5.2)
2018-02-18 09:00:50.062141: I tensorflow/core/common_runtime/gpu/gpu_device.cc:1120] Creating TensorFlow device (/device:GPU:0) -> (device: 0, name: Tesla M40 24GB, pci bus id: 0000:81:00.0, compute capability: 5.2)
2018-02-18 09:00:59.195029: I tensorflow/core/common_runtime/gpu/gpu_device.cc:1120] Creating TensorFlow device (/device:GPU:0) -> (device: 0, name: Tesla M40 24GB, pci bus id: 0000:81:00.0, compute capability: 5.2)
2018-02-18 12:07:45.556289: I tensorflow/core/common_runtime/gpu/gpu_device.cc:1120] Creating TensorFlow device (/device:GPU:0) -> (device: 0, name: Tesla M40 24GB, pci bus id: 0000:81:00.0, compute capability: 5.2)
2018-02-18 12:07:49.475026: I tensorflow/core/common_runtime/gpu/gpu_device.cc:1120] Creating TensorFlow device (/device:GPU:0) -> (device: 0, name: Tesla M40 24GB, pci bus id: 0000:81:00.0, compute capability: 5.2)
2018-02-18 12:07:53.981282: I tensorflow/core/common_runtime/gpu/gpu_device.cc:1120] Creating TensorFlow device (/device:GPU:0) -> (device: 0, name: Tesla M40 24GB, pci bus id: 0000:81:00.0, compute capability: 5.2)
2018-02-18 12:07:58.600446: I tensorflow/core/common_runtime/gpu/gpu_device.cc:1120] Creating TensorFlow device (/device:GPU:0) -> (device: 0, name: Tesla M40 24GB, pci bus id: 0000:81:00.0, compute capability: 5.2)
2018-02-18 12:16:23.542381: I tensorflow/core/common_runtime/gpu/gpu_device.cc:1120] Creating TensorFlow device (/device:GPU:0) -> (device: 0, name: Tesla M40 24GB, pci bus id: 0000:81:00.0, compute capability: 5.2)
2018-02-18 12:24:44.899171: I tensorflow/core/common_runtime/gpu/gpu_device.cc:1120] Creating TensorFlow device (/device:GPU:0) -> (device: 0, name: Tesla M40 24GB, pci bus id: 0000:81:00.0, compute capability: 5.2)
2018-02-18 12:29:00.147942: I tensorflow/core/common_runtime/gpu/gpu_device.cc:1120] Creating TensorFlow device (/device:GPU:0) -> (device: 0, name: Tesla M40 24GB, pci bus id: 0000:81:00.0, compute capability: 5.2)
2018-02-18 12:29:03.938027: I tensorflow/core/common_runtime/gpu/gpu_device.cc:1120] Creating TensorFlow device (/device:GPU:0) -> (device: 0, name: Tesla M40 24GB, pci bus id: 0000:81:00.0, compute capability: 5.2)
2018-02-18 12:33:16.580118: I tensorflow/core/common_runtime/gpu/gpu_device.cc:1120] Creating TensorFlow device (/device:GPU:0) -> (device: 0, name: Tesla M40 24GB, pci bus id: 0000:81:00.0, compute capability: 5.2)
2018-02-18 12:37:28.410262: I tensorflow/core/common_runtime/gpu/gpu_device.cc:1120] Creating TensorFlow device (/device:GPU:0) -> (device: 0, name: Tesla M40 24GB, pci bus id: 0000:81:00.0, compute capability: 5.2)
2018-02-18 12:37:34.020170: I tensorflow/core/common_runtime/gpu/gpu_device.cc:1120] Creating TensorFlow device (/device:GPU:0) -> (device: 0, name: Tesla M40 24GB, pci bus id: 0000:81:00.0, compute capability: 5.2)
2018-02-18 12:41:50.693727: I tensorflow/core/common_runtime/gpu/gpu_device.cc:1120] Creating TensorFlow device (/device:GPU:0) -> (device: 0, name: Tesla M40 24GB, pci bus id: 0000:81:00.0, compute capability: 5.2)
2018-02-18 13:10:54.162405: I tensorflow/core/common_runtime/gpu/gpu_device.cc:1120] Creating TensorFlow device (/device:GPU:0) -> (device: 0, name: Tesla M40 24GB, pci bus id: 0000:81:00.0, compute capability: 5.2)
2018-02-18 13:35:47.906559: I tensorflow/core/common_runtime/gpu/gpu_device.cc:1120] Creating TensorFlow device (/device:GPU:0) -> (device: 0, name: Tesla M40 24GB, pci bus id: 0000:81:00.0, compute capability: 5.2)
2018-02-18 13:52:28.833972: I tensorflow/core/common_runtime/gpu/gpu_device.cc:1120] Creating TensorFlow device (/device:GPU:0) -> (device: 0, name: Tesla M40 24GB, pci bus id: 0000:81:00.0, compute capability: 5.2)
2018-02-18 14:13:16.466431: I tensorflow/core/common_runtime/gpu/gpu_device.cc:1120] Creating TensorFlow device (/device:GPU:0) -> (device: 0, name: Tesla M40 24GB, pci bus id: 0000:81:00.0, compute capability: 5.2)
2018-02-18 15:31:53.347798: I tensorflow/core/common_runtime/gpu/gpu_device.cc:1120] Creating TensorFlow device (/device:GPU:0) -> (device: 0, name: Tesla M40 24GB, pci bus id: 0000:81:00.0, compute capability: 5.2)
2018-02-18 15:36:04.699166: I tensorflow/core/common_runtime/gpu/gpu_device.cc:1120] Creating TensorFlow device (/device:GPU:0) -> (device: 0, name: Tesla M40 24GB, pci bus id: 0000:81:00.0, compute capability: 5.2)
2018-02-18 15:40:19.653968: I tensorflow/core/common_runtime/gpu/gpu_device.cc:1120] Creating TensorFlow device (/device:GPU:0) -> (device: 0, name: Tesla M40 24GB, pci bus id: 0000:81:00.0, compute capability: 5.2)
2018-02-18 15:40:23.963833: I tensorflow/core/common_runtime/gpu/gpu_device.cc:1120] Creating TensorFlow device (/device:GPU:0) -> (device: 0, name: Tesla M40 24GB, pci bus id: 0000:81:00.0, compute capability: 5.2)
2018-02-18 15:48:47.728465: I tensorflow/core/common_runtime/gpu/gpu_device.cc:1120] Creating TensorFlow device (/device:GPU:0) -> (device: 0, name: Tesla M40 24GB, pci bus id: 0000:81:00.0, compute capability: 5.2)
2018-02-18 15:48:51.644371: I tensorflow/core/common_runtime/gpu/gpu_device.cc:1120] Creating TensorFlow device (/device:GPU:0) -> (device: 0, name: Tesla M40 24GB, pci bus id: 0000:81:00.0, compute capability: 5.2)
2018-02-18 15:48:56.502340: I tensorflow/core/common_runtime/gpu/gpu_device.cc:1120] Creating TensorFlow device (/device:GPU:0) -> (device: 0, name: Tesla M40 24GB, pci bus id: 0000:81:00.0, compute capability: 5.2)
2018-02-18 15:49:01.527366: I tensorflow/core/common_runtime/gpu/gpu_device.cc:1120] Creating TensorFlow device (/device:GPU:0) -> (device: 0, name: Tesla M40 24GB, pci bus id: 0000:81:00.0, compute capability: 5.2)
2018-02-18 15:49:05.272355: I tensorflow/core/common_runtime/gpu/gpu_device.cc:1120] Creating TensorFlow device (/device:GPU:0) -> (device: 0, name: Tesla M40 24GB, pci bus id: 0000:81:00.0, compute capability: 5.2)
2018-02-18 15:49:09.633281: I tensorflow/core/common_runtime/gpu/gpu_device.cc:1120] Creating TensorFlow device (/device:GPU:0) -> (device: 0, name: Tesla M40 24GB, pci bus id: 0000:81:00.0, compute capability: 5.2)
2018-02-18 15:49:13.904170: I tensorflow/core/common_runtime/gpu/gpu_device.cc:1120] Creating TensorFlow device (/device:GPU:0) -> (device: 0, name: Tesla M40 24GB, pci bus id: 0000:81:00.0, compute capability: 5.2)
2018-02-18 15:49:17.530713: I tensorflow/core/common_runtime/gpu/gpu_device.cc:1120] Creating TensorFlow device (/device:GPU:0) -> (device: 0, name: Tesla M40 24GB, pci bus id: 0000:81:00.0, compute capability: 5.2)
2018-02-18 15:49:22.394860: I tensorflow/core/common_runtime/gpu/gpu_device.cc:1120] Creating TensorFlow device (/device:GPU:0) -> (device: 0, name: Tesla M40 24GB, pci bus id: 0000:81:00.0, compute capability: 5.2)
2018-02-18 16:18:27.422797: I tensorflow/core/common_runtime/gpu/gpu_device.cc:1120] Creating TensorFlow device (/device:GPU:0) -> (device: 0, name: Tesla M40 24GB, pci bus id: 0000:81:00.0, compute capability: 5.2)
2018-02-18 16:43:22.998072: I tensorflow/core/common_runtime/gpu/gpu_device.cc:1120] Creating TensorFlow device (/device:GPU:0) -> (device: 0, name: Tesla M40 24GB, pci bus id: 0000:81:00.0, compute capability: 5.2)
2018-02-18 16:43:28.292741: I tensorflow/core/common_runtime/gpu/gpu_device.cc:1120] Creating TensorFlow device (/device:GPU:0) -> (device: 0, name: Tesla M40 24GB, pci bus id: 0000:81:00.0, compute capability: 5.2)
2018-02-18 16:55:58.193354: I tensorflow/core/common_runtime/gpu/gpu_device.cc:1120] Creating TensorFlow device (/device:GPU:0) -> (device: 0, name: Tesla M40 24GB, pci bus id: 0000:81:00.0, compute capability: 5.2)
2018-02-18 16:56:04.857270: I tensorflow/core/common_runtime/gpu/gpu_device.cc:1120] Creating TensorFlow device (/device:GPU:0) -> (device: 0, name: Tesla M40 24GB, pci bus id: 0000:81:00.0, compute capability: 5.2)
2018-02-18 16:56:14.454690: I tensorflow/core/common_runtime/gpu/gpu_device.cc:1120] Creating TensorFlow device (/device:GPU:0) -> (device: 0, name: Tesla M40 24GB, pci bus id: 0000:81:00.0, compute capability: 5.2)
2018-02-18 18:10:36.136363: I tensorflow/core/common_runtime/gpu/gpu_device.cc:1120] Creating TensorFlow device (/device:GPU:0) -> (device: 0, name: Tesla M40 24GB, pci bus id: 0000:81:00.0, compute capability: 5.2)
2018-02-18 19:16:49.760210: I tensorflow/core/common_runtime/gpu/gpu_device.cc:1120] Creating TensorFlow device (/device:GPU:0) -> (device: 0, name: Tesla M40 24GB, pci bus id: 0000:81:00.0, compute capability: 5.2)
