2018-02-17 20:08:52.921169: I tensorflow/core/platform/cpu_feature_guard.cc:137] Your CPU supports instructions that this TensorFlow binary was not compiled to use: SSE4.1 SSE4.2 AVX AVX2 FMA
2018-02-17 20:08:53.286058: I tensorflow/core/common_runtime/gpu/gpu_device.cc:1030] Found device 0 with properties: 
name: Tesla M40 24GB major: 5 minor: 2 memoryClockRate(GHz): 1.112
pciBusID: 0000:02:00.0
totalMemory: 22.43GiB freeMemory: 22.32GiB
2018-02-17 20:08:53.286105: I tensorflow/core/common_runtime/gpu/gpu_device.cc:1120] Creating TensorFlow device (/device:GPU:0) -> (device: 0, name: Tesla M40 24GB, pci bus id: 0000:02:00.0, compute capability: 5.2)
2018-02-17 20:13:09.648036: I tensorflow/core/common_runtime/gpu/gpu_device.cc:1120] Creating TensorFlow device (/device:GPU:0) -> (device: 0, name: Tesla M40 24GB, pci bus id: 0000:02:00.0, compute capability: 5.2)
2018-02-17 21:18:33.601410: I tensorflow/core/common_runtime/gpu/gpu_device.cc:1120] Creating TensorFlow device (/device:GPU:0) -> (device: 0, name: Tesla M40 24GB, pci bus id: 0000:02:00.0, compute capability: 5.2)
2018-02-17 22:32:08.689242: I tensorflow/core/common_runtime/gpu/gpu_device.cc:1120] Creating TensorFlow device (/device:GPU:0) -> (device: 0, name: Tesla M40 24GB, pci bus id: 0000:02:00.0, compute capability: 5.2)
/home/rgangaraju/miniconda3/envs/tf/lib/python3.5/site-packages/numpy/core/fromnumeric.py:2909: RuntimeWarning: Mean of empty slice.
  out=out, **kwargs)
/home/rgangaraju/miniconda3/envs/tf/lib/python3.5/site-packages/numpy/core/_methods.py:80: RuntimeWarning: invalid value encountered in double_scalars
  ret = ret.dtype.type(ret / rcount)
2018-02-17 22:32:14.174764: I tensorflow/core/common_runtime/gpu/gpu_device.cc:1120] Creating TensorFlow device (/device:GPU:0) -> (device: 0, name: Tesla M40 24GB, pci bus id: 0000:02:00.0, compute capability: 5.2)
2018-02-17 22:32:19.542383: I tensorflow/core/common_runtime/gpu/gpu_device.cc:1120] Creating TensorFlow device (/device:GPU:0) -> (device: 0, name: Tesla M40 24GB, pci bus id: 0000:02:00.0, compute capability: 5.2)
2018-02-17 22:44:39.256185: I tensorflow/core/common_runtime/gpu/gpu_device.cc:1120] Creating TensorFlow device (/device:GPU:0) -> (device: 0, name: Tesla M40 24GB, pci bus id: 0000:02:00.0, compute capability: 5.2)
2018-02-17 22:44:43.986905: I tensorflow/core/common_runtime/gpu/gpu_device.cc:1120] Creating TensorFlow device (/device:GPU:0) -> (device: 0, name: Tesla M40 24GB, pci bus id: 0000:02:00.0, compute capability: 5.2)
2018-02-17 23:09:18.229950: I tensorflow/core/common_runtime/gpu/gpu_device.cc:1120] Creating TensorFlow device (/device:GPU:0) -> (device: 0, name: Tesla M40 24GB, pci bus id: 0000:02:00.0, compute capability: 5.2)
2018-02-17 23:38:00.551458: I tensorflow/core/common_runtime/gpu/gpu_device.cc:1120] Creating TensorFlow device (/device:GPU:0) -> (device: 0, name: Tesla M40 24GB, pci bus id: 0000:02:00.0, compute capability: 5.2)
2018-02-17 23:38:03.884978: I tensorflow/core/common_runtime/gpu/gpu_device.cc:1120] Creating TensorFlow device (/device:GPU:0) -> (device: 0, name: Tesla M40 24GB, pci bus id: 0000:02:00.0, compute capability: 5.2)
2018-02-17 23:38:07.323697: I tensorflow/core/common_runtime/gpu/gpu_device.cc:1120] Creating TensorFlow device (/device:GPU:0) -> (device: 0, name: Tesla M40 24GB, pci bus id: 0000:02:00.0, compute capability: 5.2)
2018-02-17 23:38:11.363670: I tensorflow/core/common_runtime/gpu/gpu_device.cc:1120] Creating TensorFlow device (/device:GPU:0) -> (device: 0, name: Tesla M40 24GB, pci bus id: 0000:02:00.0, compute capability: 5.2)
2018-02-17 23:38:15.419432: I tensorflow/core/common_runtime/gpu/gpu_device.cc:1120] Creating TensorFlow device (/device:GPU:0) -> (device: 0, name: Tesla M40 24GB, pci bus id: 0000:02:00.0, compute capability: 5.2)
2018-02-17 23:38:19.289115: I tensorflow/core/common_runtime/gpu/gpu_device.cc:1120] Creating TensorFlow device (/device:GPU:0) -> (device: 0, name: Tesla M40 24GB, pci bus id: 0000:02:00.0, compute capability: 5.2)
2018-02-17 23:38:23.676797: I tensorflow/core/common_runtime/gpu/gpu_device.cc:1120] Creating TensorFlow device (/device:GPU:0) -> (device: 0, name: Tesla M40 24GB, pci bus id: 0000:02:00.0, compute capability: 5.2)
2018-02-17 23:38:28.123890: I tensorflow/core/common_runtime/gpu/gpu_device.cc:1120] Creating TensorFlow device (/device:GPU:0) -> (device: 0, name: Tesla M40 24GB, pci bus id: 0000:02:00.0, compute capability: 5.2)
2018-02-17 23:38:32.002745: I tensorflow/core/common_runtime/gpu/gpu_device.cc:1120] Creating TensorFlow device (/device:GPU:0) -> (device: 0, name: Tesla M40 24GB, pci bus id: 0000:02:00.0, compute capability: 5.2)
2018-02-17 23:46:48.090133: I tensorflow/core/common_runtime/gpu/gpu_device.cc:1120] Creating TensorFlow device (/device:GPU:0) -> (device: 0, name: Tesla M40 24GB, pci bus id: 0000:02:00.0, compute capability: 5.2)
2018-02-17 23:46:51.965036: I tensorflow/core/common_runtime/gpu/gpu_device.cc:1120] Creating TensorFlow device (/device:GPU:0) -> (device: 0, name: Tesla M40 24GB, pci bus id: 0000:02:00.0, compute capability: 5.2)
2018-02-17 23:51:02.792490: I tensorflow/core/common_runtime/gpu/gpu_device.cc:1120] Creating TensorFlow device (/device:GPU:0) -> (device: 0, name: Tesla M40 24GB, pci bus id: 0000:02:00.0, compute capability: 5.2)
2018-02-17 23:55:13.340619: I tensorflow/core/common_runtime/gpu/gpu_device.cc:1120] Creating TensorFlow device (/device:GPU:0) -> (device: 0, name: Tesla M40 24GB, pci bus id: 0000:02:00.0, compute capability: 5.2)
2018-02-18 01:12:38.225452: I tensorflow/core/common_runtime/gpu/gpu_device.cc:1120] Creating TensorFlow device (/device:GPU:0) -> (device: 0, name: Tesla M40 24GB, pci bus id: 0000:02:00.0, compute capability: 5.2)
2018-02-18 01:33:09.500911: I tensorflow/core/common_runtime/gpu/gpu_device.cc:1120] Creating TensorFlow device (/device:GPU:0) -> (device: 0, name: Tesla M40 24GB, pci bus id: 0000:02:00.0, compute capability: 5.2)
2018-02-18 01:49:36.726614: I tensorflow/core/common_runtime/gpu/gpu_device.cc:1120] Creating TensorFlow device (/device:GPU:0) -> (device: 0, name: Tesla M40 24GB, pci bus id: 0000:02:00.0, compute capability: 5.2)
2018-02-18 02:14:14.133844: I tensorflow/core/common_runtime/gpu/gpu_device.cc:1120] Creating TensorFlow device (/device:GPU:0) -> (device: 0, name: Tesla M40 24GB, pci bus id: 0000:02:00.0, compute capability: 5.2)
2018-02-18 02:42:53.754065: I tensorflow/core/common_runtime/gpu/gpu_device.cc:1120] Creating TensorFlow device (/device:GPU:0) -> (device: 0, name: Tesla M40 24GB, pci bus id: 0000:02:00.0, compute capability: 5.2)
2018-02-18 02:47:05.233057: I tensorflow/core/common_runtime/gpu/gpu_device.cc:1120] Creating TensorFlow device (/device:GPU:0) -> (device: 0, name: Tesla M40 24GB, pci bus id: 0000:02:00.0, compute capability: 5.2)
2018-02-18 02:47:09.545956: I tensorflow/core/common_runtime/gpu/gpu_device.cc:1120] Creating TensorFlow device (/device:GPU:0) -> (device: 0, name: Tesla M40 24GB, pci bus id: 0000:02:00.0, compute capability: 5.2)
2018-02-18 02:51:18.689968: I tensorflow/core/common_runtime/gpu/gpu_device.cc:1120] Creating TensorFlow device (/device:GPU:0) -> (device: 0, name: Tesla M40 24GB, pci bus id: 0000:02:00.0, compute capability: 5.2)
2018-02-18 02:55:27.476832: I tensorflow/core/common_runtime/gpu/gpu_device.cc:1120] Creating TensorFlow device (/device:GPU:0) -> (device: 0, name: Tesla M40 24GB, pci bus id: 0000:02:00.0, compute capability: 5.2)
2018-02-18 02:55:31.013539: I tensorflow/core/common_runtime/gpu/gpu_device.cc:1120] Creating TensorFlow device (/device:GPU:0) -> (device: 0, name: Tesla M40 24GB, pci bus id: 0000:02:00.0, compute capability: 5.2)
2018-02-18 02:59:42.342258: I tensorflow/core/common_runtime/gpu/gpu_device.cc:1120] Creating TensorFlow device (/device:GPU:0) -> (device: 0, name: Tesla M40 24GB, pci bus id: 0000:02:00.0, compute capability: 5.2)
2018-02-18 03:07:57.700209: I tensorflow/core/common_runtime/gpu/gpu_device.cc:1120] Creating TensorFlow device (/device:GPU:0) -> (device: 0, name: Tesla M40 24GB, pci bus id: 0000:02:00.0, compute capability: 5.2)
2018-02-18 03:16:13.626959: I tensorflow/core/common_runtime/gpu/gpu_device.cc:1120] Creating TensorFlow device (/device:GPU:0) -> (device: 0, name: Tesla M40 24GB, pci bus id: 0000:02:00.0, compute capability: 5.2)
2018-02-18 03:16:17.532236: I tensorflow/core/common_runtime/gpu/gpu_device.cc:1120] Creating TensorFlow device (/device:GPU:0) -> (device: 0, name: Tesla M40 24GB, pci bus id: 0000:02:00.0, compute capability: 5.2)
2018-02-18 03:16:21.393036: I tensorflow/core/common_runtime/gpu/gpu_device.cc:1120] Creating TensorFlow device (/device:GPU:0) -> (device: 0, name: Tesla M40 24GB, pci bus id: 0000:02:00.0, compute capability: 5.2)
2018-02-18 03:16:30.570230: I tensorflow/core/common_runtime/gpu/gpu_device.cc:1120] Creating TensorFlow device (/device:GPU:0) -> (device: 0, name: Tesla M40 24GB, pci bus id: 0000:02:00.0, compute capability: 5.2)
2018-02-18 06:25:00.623558: I tensorflow/core/common_runtime/gpu/gpu_device.cc:1120] Creating TensorFlow device (/device:GPU:0) -> (device: 0, name: Tesla M40 24GB, pci bus id: 0000:02:00.0, compute capability: 5.2)
2018-02-18 06:25:04.184617: I tensorflow/core/common_runtime/gpu/gpu_device.cc:1120] Creating TensorFlow device (/device:GPU:0) -> (device: 0, name: Tesla M40 24GB, pci bus id: 0000:02:00.0, compute capability: 5.2)
2018-02-18 06:29:15.220443: I tensorflow/core/common_runtime/gpu/gpu_device.cc:1120] Creating TensorFlow device (/device:GPU:0) -> (device: 0, name: Tesla M40 24GB, pci bus id: 0000:02:00.0, compute capability: 5.2)
2018-02-18 06:33:30.222002: I tensorflow/core/common_runtime/gpu/gpu_device.cc:1120] Creating TensorFlow device (/device:GPU:0) -> (device: 0, name: Tesla M40 24GB, pci bus id: 0000:02:00.0, compute capability: 5.2)
2018-02-18 08:29:48.902491: I tensorflow/core/common_runtime/gpu/gpu_device.cc:1120] Creating TensorFlow device (/device:GPU:0) -> (device: 0, name: Tesla M40 24GB, pci bus id: 0000:02:00.0, compute capability: 5.2)
2018-02-18 08:38:06.494112: I tensorflow/core/common_runtime/gpu/gpu_device.cc:1120] Creating TensorFlow device (/device:GPU:0) -> (device: 0, name: Tesla M40 24GB, pci bus id: 0000:02:00.0, compute capability: 5.2)
2018-02-18 08:42:14.534685: I tensorflow/core/common_runtime/gpu/gpu_device.cc:1120] Creating TensorFlow device (/device:GPU:0) -> (device: 0, name: Tesla M40 24GB, pci bus id: 0000:02:00.0, compute capability: 5.2)
2018-02-18 08:42:18.389283: I tensorflow/core/common_runtime/gpu/gpu_device.cc:1120] Creating TensorFlow device (/device:GPU:0) -> (device: 0, name: Tesla M40 24GB, pci bus id: 0000:02:00.0, compute capability: 5.2)
2018-02-18 08:42:23.696856: I tensorflow/core/common_runtime/gpu/gpu_device.cc:1120] Creating TensorFlow device (/device:GPU:0) -> (device: 0, name: Tesla M40 24GB, pci bus id: 0000:02:00.0, compute capability: 5.2)
2018-02-18 09:11:02.840489: I tensorflow/core/common_runtime/gpu/gpu_device.cc:1120] Creating TensorFlow device (/device:GPU:0) -> (device: 0, name: Tesla M40 24GB, pci bus id: 0000:02:00.0, compute capability: 5.2)
2018-02-18 09:23:25.421839: I tensorflow/core/common_runtime/gpu/gpu_device.cc:1120] Creating TensorFlow device (/device:GPU:0) -> (device: 0, name: Tesla M40 24GB, pci bus id: 0000:02:00.0, compute capability: 5.2)
2018-02-18 09:23:29.689258: I tensorflow/core/common_runtime/gpu/gpu_device.cc:1120] Creating TensorFlow device (/device:GPU:0) -> (device: 0, name: Tesla M40 24GB, pci bus id: 0000:02:00.0, compute capability: 5.2)
2018-02-18 09:27:42.117391: I tensorflow/core/common_runtime/gpu/gpu_device.cc:1120] Creating TensorFlow device (/device:GPU:0) -> (device: 0, name: Tesla M40 24GB, pci bus id: 0000:02:00.0, compute capability: 5.2)
2018-02-18 10:04:34.003210: I tensorflow/core/common_runtime/gpu/gpu_device.cc:1120] Creating TensorFlow device (/device:GPU:0) -> (device: 0, name: Tesla M40 24GB, pci bus id: 0000:02:00.0, compute capability: 5.2)
2018-02-18 10:04:37.531767: I tensorflow/core/common_runtime/gpu/gpu_device.cc:1120] Creating TensorFlow device (/device:GPU:0) -> (device: 0, name: Tesla M40 24GB, pci bus id: 0000:02:00.0, compute capability: 5.2)
2018-02-18 10:04:41.848634: I tensorflow/core/common_runtime/gpu/gpu_device.cc:1120] Creating TensorFlow device (/device:GPU:0) -> (device: 0, name: Tesla M40 24GB, pci bus id: 0000:02:00.0, compute capability: 5.2)
2018-02-18 10:04:45.293761: I tensorflow/core/common_runtime/gpu/gpu_device.cc:1120] Creating TensorFlow device (/device:GPU:0) -> (device: 0, name: Tesla M40 24GB, pci bus id: 0000:02:00.0, compute capability: 5.2)
2018-02-18 10:04:48.639778: I tensorflow/core/common_runtime/gpu/gpu_device.cc:1120] Creating TensorFlow device (/device:GPU:0) -> (device: 0, name: Tesla M40 24GB, pci bus id: 0000:02:00.0, compute capability: 5.2)
2018-02-18 10:04:52.353371: I tensorflow/core/common_runtime/gpu/gpu_device.cc:1120] Creating TensorFlow device (/device:GPU:0) -> (device: 0, name: Tesla M40 24GB, pci bus id: 0000:02:00.0, compute capability: 5.2)
2018-02-18 10:17:15.030026: I tensorflow/core/common_runtime/gpu/gpu_device.cc:1120] Creating TensorFlow device (/device:GPU:0) -> (device: 0, name: Tesla M40 24GB, pci bus id: 0000:02:00.0, compute capability: 5.2)
2018-02-18 10:25:31.085739: I tensorflow/core/common_runtime/gpu/gpu_device.cc:1120] Creating TensorFlow device (/device:GPU:0) -> (device: 0, name: Tesla M40 24GB, pci bus id: 0000:02:00.0, compute capability: 5.2)
2018-02-18 10:54:11.891273: I tensorflow/core/common_runtime/gpu/gpu_device.cc:1120] Creating TensorFlow device (/device:GPU:0) -> (device: 0, name: Tesla M40 24GB, pci bus id: 0000:02:00.0, compute capability: 5.2)
2018-02-18 11:10:36.608440: I tensorflow/core/common_runtime/gpu/gpu_device.cc:1120] Creating TensorFlow device (/device:GPU:0) -> (device: 0, name: Tesla M40 24GB, pci bus id: 0000:02:00.0, compute capability: 5.2)
2018-02-18 11:10:40.074142: I tensorflow/core/common_runtime/gpu/gpu_device.cc:1120] Creating TensorFlow device (/device:GPU:0) -> (device: 0, name: Tesla M40 24GB, pci bus id: 0000:02:00.0, compute capability: 5.2)
2018-02-18 11:14:51.939047: I tensorflow/core/common_runtime/gpu/gpu_device.cc:1120] Creating TensorFlow device (/device:GPU:0) -> (device: 0, name: Tesla M40 24GB, pci bus id: 0000:02:00.0, compute capability: 5.2)
2018-02-18 11:23:08.736324: I tensorflow/core/common_runtime/gpu/gpu_device.cc:1120] Creating TensorFlow device (/device:GPU:0) -> (device: 0, name: Tesla M40 24GB, pci bus id: 0000:02:00.0, compute capability: 5.2)
2018-02-18 12:12:16.050442: I tensorflow/core/common_runtime/gpu/gpu_device.cc:1120] Creating TensorFlow device (/device:GPU:0) -> (device: 0, name: Tesla M40 24GB, pci bus id: 0000:02:00.0, compute capability: 5.2)
2018-02-18 12:57:17.768829: I tensorflow/core/common_runtime/gpu/gpu_device.cc:1120] Creating TensorFlow device (/device:GPU:0) -> (device: 0, name: Tesla M40 24GB, pci bus id: 0000:02:00.0, compute capability: 5.2)
2018-02-18 13:05:34.428667: I tensorflow/core/common_runtime/gpu/gpu_device.cc:1120] Creating TensorFlow device (/device:GPU:0) -> (device: 0, name: Tesla M40 24GB, pci bus id: 0000:02:00.0, compute capability: 5.2)
2018-02-18 13:05:40.231903: I tensorflow/core/common_runtime/gpu/gpu_device.cc:1120] Creating TensorFlow device (/device:GPU:0) -> (device: 0, name: Tesla M40 24GB, pci bus id: 0000:02:00.0, compute capability: 5.2)
2018-02-18 13:09:54.346287: I tensorflow/core/common_runtime/gpu/gpu_device.cc:1120] Creating TensorFlow device (/device:GPU:0) -> (device: 0, name: Tesla M40 24GB, pci bus id: 0000:02:00.0, compute capability: 5.2)
2018-02-18 14:02:59.282331: I tensorflow/core/common_runtime/gpu/gpu_device.cc:1120] Creating TensorFlow device (/device:GPU:0) -> (device: 0, name: Tesla M40 24GB, pci bus id: 0000:02:00.0, compute capability: 5.2)
2018-02-18 14:03:02.910805: I tensorflow/core/common_runtime/gpu/gpu_device.cc:1120] Creating TensorFlow device (/device:GPU:0) -> (device: 0, name: Tesla M40 24GB, pci bus id: 0000:02:00.0, compute capability: 5.2)
2018-02-18 14:11:18.281044: I tensorflow/core/common_runtime/gpu/gpu_device.cc:1120] Creating TensorFlow device (/device:GPU:0) -> (device: 0, name: Tesla M40 24GB, pci bus id: 0000:02:00.0, compute capability: 5.2)
2018-02-18 14:11:22.563347: I tensorflow/core/common_runtime/gpu/gpu_device.cc:1120] Creating TensorFlow device (/device:GPU:0) -> (device: 0, name: Tesla M40 24GB, pci bus id: 0000:02:00.0, compute capability: 5.2)
2018-02-18 14:11:27.233617: I tensorflow/core/common_runtime/gpu/gpu_device.cc:1120] Creating TensorFlow device (/device:GPU:0) -> (device: 0, name: Tesla M40 24GB, pci bus id: 0000:02:00.0, compute capability: 5.2)
2018-02-18 14:40:05.382955: I tensorflow/core/common_runtime/gpu/gpu_device.cc:1120] Creating TensorFlow device (/device:GPU:0) -> (device: 0, name: Tesla M40 24GB, pci bus id: 0000:02:00.0, compute capability: 5.2)
2018-02-18 14:44:14.253094: I tensorflow/core/common_runtime/gpu/gpu_device.cc:1120] Creating TensorFlow device (/device:GPU:0) -> (device: 0, name: Tesla M40 24GB, pci bus id: 0000:02:00.0, compute capability: 5.2)
2018-02-18 14:44:17.862554: I tensorflow/core/common_runtime/gpu/gpu_device.cc:1120] Creating TensorFlow device (/device:GPU:0) -> (device: 0, name: Tesla M40 24GB, pci bus id: 0000:02:00.0, compute capability: 5.2)
2018-02-18 14:44:21.483188: I tensorflow/core/common_runtime/gpu/gpu_device.cc:1120] Creating TensorFlow device (/device:GPU:0) -> (device: 0, name: Tesla M40 24GB, pci bus id: 0000:02:00.0, compute capability: 5.2)
2018-02-18 14:44:24.586878: I tensorflow/core/common_runtime/gpu/gpu_device.cc:1120] Creating TensorFlow device (/device:GPU:0) -> (device: 0, name: Tesla M40 24GB, pci bus id: 0000:02:00.0, compute capability: 5.2)
2018-02-18 14:44:27.911520: I tensorflow/core/common_runtime/gpu/gpu_device.cc:1120] Creating TensorFlow device (/device:GPU:0) -> (device: 0, name: Tesla M40 24GB, pci bus id: 0000:02:00.0, compute capability: 5.2)
2018-02-18 14:44:31.559414: I tensorflow/core/common_runtime/gpu/gpu_device.cc:1120] Creating TensorFlow device (/device:GPU:0) -> (device: 0, name: Tesla M40 24GB, pci bus id: 0000:02:00.0, compute capability: 5.2)
2018-02-18 14:44:34.682433: I tensorflow/core/common_runtime/gpu/gpu_device.cc:1120] Creating TensorFlow device (/device:GPU:0) -> (device: 0, name: Tesla M40 24GB, pci bus id: 0000:02:00.0, compute capability: 5.2)
2018-02-18 14:44:37.826034: I tensorflow/core/common_runtime/gpu/gpu_device.cc:1120] Creating TensorFlow device (/device:GPU:0) -> (device: 0, name: Tesla M40 24GB, pci bus id: 0000:02:00.0, compute capability: 5.2)
2018-02-18 14:44:41.937881: I tensorflow/core/common_runtime/gpu/gpu_device.cc:1120] Creating TensorFlow device (/device:GPU:0) -> (device: 0, name: Tesla M40 24GB, pci bus id: 0000:02:00.0, compute capability: 5.2)
2018-02-18 14:44:46.099130: I tensorflow/core/common_runtime/gpu/gpu_device.cc:1120] Creating TensorFlow device (/device:GPU:0) -> (device: 0, name: Tesla M40 24GB, pci bus id: 0000:02:00.0, compute capability: 5.2)
2018-02-18 14:44:49.981733: I tensorflow/core/common_runtime/gpu/gpu_device.cc:1120] Creating TensorFlow device (/device:GPU:0) -> (device: 0, name: Tesla M40 24GB, pci bus id: 0000:02:00.0, compute capability: 5.2)
2018-02-18 14:48:58.311340: I tensorflow/core/common_runtime/gpu/gpu_device.cc:1120] Creating TensorFlow device (/device:GPU:0) -> (device: 0, name: Tesla M40 24GB, pci bus id: 0000:02:00.0, compute capability: 5.2)
2018-02-18 14:49:01.774433: I tensorflow/core/common_runtime/gpu/gpu_device.cc:1120] Creating TensorFlow device (/device:GPU:0) -> (device: 0, name: Tesla M40 24GB, pci bus id: 0000:02:00.0, compute capability: 5.2)
2018-02-18 14:53:12.735918: I tensorflow/core/common_runtime/gpu/gpu_device.cc:1120] Creating TensorFlow device (/device:GPU:0) -> (device: 0, name: Tesla M40 24GB, pci bus id: 0000:02:00.0, compute capability: 5.2)
2018-02-18 14:53:15.832825: I tensorflow/core/common_runtime/gpu/gpu_device.cc:1120] Creating TensorFlow device (/device:GPU:0) -> (device: 0, name: Tesla M40 24GB, pci bus id: 0000:02:00.0, compute capability: 5.2)
2018-02-18 14:53:19.587307: I tensorflow/core/common_runtime/gpu/gpu_device.cc:1120] Creating TensorFlow device (/device:GPU:0) -> (device: 0, name: Tesla M40 24GB, pci bus id: 0000:02:00.0, compute capability: 5.2)
2018-02-18 15:05:42.163040: I tensorflow/core/common_runtime/gpu/gpu_device.cc:1120] Creating TensorFlow device (/device:GPU:0) -> (device: 0, name: Tesla M40 24GB, pci bus id: 0000:02:00.0, compute capability: 5.2)
2018-02-18 16:23:13.773375: I tensorflow/core/common_runtime/gpu/gpu_device.cc:1120] Creating TensorFlow device (/device:GPU:0) -> (device: 0, name: Tesla M40 24GB, pci bus id: 0000:02:00.0, compute capability: 5.2)
2018-02-18 16:43:50.020263: I tensorflow/core/common_runtime/gpu/gpu_device.cc:1120] Creating TensorFlow device (/device:GPU:0) -> (device: 0, name: Tesla M40 24GB, pci bus id: 0000:02:00.0, compute capability: 5.2)
2018-02-18 17:45:02.417677: I tensorflow/core/common_runtime/gpu/gpu_device.cc:1120] Creating TensorFlow device (/device:GPU:0) -> (device: 0, name: Tesla M40 24GB, pci bus id: 0000:02:00.0, compute capability: 5.2)
2018-02-18 18:01:31.908457: I tensorflow/core/common_runtime/gpu/gpu_device.cc:1120] Creating TensorFlow device (/device:GPU:0) -> (device: 0, name: Tesla M40 24GB, pci bus id: 0000:02:00.0, compute capability: 5.2)
2018-02-18 18:54:36.936138: I tensorflow/core/common_runtime/gpu/gpu_device.cc:1120] Creating TensorFlow device (/device:GPU:0) -> (device: 0, name: Tesla M40 24GB, pci bus id: 0000:02:00.0, compute capability: 5.2)
2018-02-18 18:54:41.287211: I tensorflow/core/common_runtime/gpu/gpu_device.cc:1120] Creating TensorFlow device (/device:GPU:0) -> (device: 0, name: Tesla M40 24GB, pci bus id: 0000:02:00.0, compute capability: 5.2)
2018-02-18 19:06:59.771819: I tensorflow/core/common_runtime/gpu/gpu_device.cc:1120] Creating TensorFlow device (/device:GPU:0) -> (device: 0, name: Tesla M40 24GB, pci bus id: 0000:02:00.0, compute capability: 5.2)
2018-02-18 19:11:11.541027: I tensorflow/core/common_runtime/gpu/gpu_device.cc:1120] Creating TensorFlow device (/device:GPU:0) -> (device: 0, name: Tesla M40 24GB, pci bus id: 0000:02:00.0, compute capability: 5.2)
